<?xml version="1.0" encoding="UTF-8"?>
<testsuite name="io.mycat.parser.primitive.TestFunctionParser" tests="1" skipped="0" failures="0" errors="0" timestamp="2017-05-27T09:14:58" hostname="liyongxian01" time="0.005">
  <properties/>
  <testcase name="testMultiFunctions" classname="io.mycat.parser.primitive.TestFunctionParser" time="0.005"/>
  <system-out><![CDATA[]]></system-out>
  <system-err><![CDATA[]]></system-err>
</testsuite>
