<?xml version="1.0" encoding="UTF-8"?>
<testsuite name="io.mycat.mpp.TestSorter" tests="2" skipped="0" failures="0" errors="0" timestamp="2017-05-22T07:41:43" hostname="DESKTOP-T7UG6RU" time="0.002">
  <properties/>
  <testcase name="testNumberCompare" classname="io.mycat.mpp.TestSorter" time="0.002"/>
  <testcase name="testDecimal" classname="io.mycat.mpp.TestSorter" time="0.0"/>
  <system-out><![CDATA[]]></system-out>
  <system-err><![CDATA[]]></system-err>
</testsuite>
