<?xml version="1.0" encoding="UTF-8"?>
<testsuite name="io.mycat.parser.druid.DruidSequenceHandlerTest" tests="2" skipped="0" failures="0" errors="0" timestamp="2017-05-22T07:41:43" hostname="DESKTOP-T7UG6RU" time="0.003">
  <properties/>
  <testcase name="test2" classname="io.mycat.parser.druid.DruidSequenceHandlerTest" time="0.003"/>
  <testcase name="test" classname="io.mycat.parser.druid.DruidSequenceHandlerTest" time="0.0"/>
  <system-out><![CDATA[]]></system-out>
  <system-err><![CDATA[]]></system-err>
</testsuite>
