<?xml version="1.0" encoding="UTF-8"?>
<testsuite name="io.mycat.sequence.DistributedSequenceHandlerTest" tests="3" skipped="3" failures="0" errors="0" timestamp="2017-05-22T07:41:49" hostname="DESKTOP-T7UG6RU" time="0.0">
  <properties/>
  <testcase name="testUniqueInstanceID" classname="io.mycat.sequence.DistributedSequenceHandlerTest" time="0.0">
    <skipped/>
  </testcase>
  <testcase name="testFailOver" classname="io.mycat.sequence.DistributedSequenceHandlerTest" time="0.0">
    <skipped/>
  </testcase>
  <testcase name="testUniqueID" classname="io.mycat.sequence.DistributedSequenceHandlerTest" time="0.0">
    <skipped/>
  </testcase>
  <system-out><![CDATA[]]></system-out>
  <system-err><![CDATA[]]></system-err>
</testsuite>
