<?xml version="1.0" encoding="UTF-8"?>
<testsuite name="io.mycat.ConfigInitializerTest" tests="1" skipped="0" failures="0" errors="0" timestamp="2017-05-27T09:14:39" hostname="liyongxian01" time="1.173">
  <properties/>
  <testcase name="testConfigLoader" classname="io.mycat.ConfigInitializerTest" time="1.173"/>
  <system-out><![CDATA[2017-05-27 17:14:40.591  INFO [Test worker] (io.mycat.backend.datasource.PhysicalDBPool.<init>(PhysicalDBPool.java:101)) - total resouces of dataHost localhost1 is :1
]]></system-out>
  <system-err><![CDATA[]]></system-err>
</testsuite>
