<?xml version="1.0" encoding="UTF-8"?>
<testsuite name="io.mycat.ConfigInitializerTest" tests="1" skipped="0" failures="0" errors="0" timestamp="2017-05-22T07:41:27" hostname="DESKTOP-T7UG6RU" time="0.652">
  <properties/>
  <testcase name="testConfigLoader" classname="io.mycat.ConfigInitializerTest" time="0.652"/>
  <system-out><![CDATA[2017-05-22 15:41:27.895  INFO [Test worker] (io.mycat.backend.datasource.PhysicalDBPool.<init>(PhysicalDBPool.java:101)) - total resouces of dataHost localhost1 is :1
]]></system-out>
  <system-err><![CDATA[]]></system-err>
</testsuite>
