<?xml version="1.0" encoding="UTF-8"?>
<testsuite name="io.mycat.route.DruidSqlServerSqlParserTest" tests="3" skipped="0" failures="0" errors="0" timestamp="2017-05-27T09:15:00" hostname="liyongxian01" time="0.04">
  <properties/>
  <testcase name="testLimitToSqlServerPage" classname="io.mycat.route.DruidSqlServerSqlParserTest" time="0.014"/>
  <testcase name="testTopPageSQL" classname="io.mycat.route.DruidSqlServerSqlParserTest" time="0.004"/>
  <testcase name="testSqlServerPageSQL" classname="io.mycat.route.DruidSqlServerSqlParserTest" time="0.004"/>
  <system-out><![CDATA[]]></system-out>
  <system-err><![CDATA[]]></system-err>
</testsuite>
