<?xml version="1.0" encoding="UTF-8"?>
<testsuite name="io.mycat.memory.unsafe.types.CalendarIntervalSuite" tests="8" skipped="0" failures="0" errors="0" timestamp="2017-05-27T09:14:56" hostname="liyongxian01" time="0.012">
  <properties/>
  <testcase name="fromYearMonthStringTest" classname="io.mycat.memory.unsafe.types.CalendarIntervalSuite" time="0.003"/>
  <testcase name="fromStringTest" classname="io.mycat.memory.unsafe.types.CalendarIntervalSuite" time="0.0"/>
  <testcase name="fromDayTimeStringTest" classname="io.mycat.memory.unsafe.types.CalendarIntervalSuite" time="0.0"/>
  <testcase name="fromSingleUnitStringTest" classname="io.mycat.memory.unsafe.types.CalendarIntervalSuite" time="0.001"/>
  <testcase name="equalsTest" classname="io.mycat.memory.unsafe.types.CalendarIntervalSuite" time="0.001"/>
  <testcase name="subtractTest" classname="io.mycat.memory.unsafe.types.CalendarIntervalSuite" time="0.0"/>
  <testcase name="toStringTest" classname="io.mycat.memory.unsafe.types.CalendarIntervalSuite" time="0.001"/>
  <testcase name="addTest" classname="io.mycat.memory.unsafe.types.CalendarIntervalSuite" time="0.001"/>
  <system-out><![CDATA[]]></system-out>
  <system-err><![CDATA[]]></system-err>
</testsuite>
