<?xml version="1.0" encoding="UTF-8"?>
<testsuite name="io.mycat.route.function.PartitionByRangeDateHashTest" tests="2" skipped="0" failures="0" errors="0" timestamp="2017-05-22T07:41:47" hostname="DESKTOP-T7UG6RU" time="1.6">
  <properties/>
  <testcase name="testRange" classname="io.mycat.route.function.PartitionByRangeDateHashTest" time="0.002"/>
  <testcase name="test" classname="io.mycat.route.function.PartitionByRangeDateHashTest" time="1.587"/>
  <system-out><![CDATA[]]></system-out>
  <system-err><![CDATA[]]></system-err>
</testsuite>
