<?xml version="1.0" encoding="UTF-8"?>
<testsuite name="io.mycat.memory.unsafe.map.BytesToBytesMapOnHeapSuite" tests="13" skipped="0" failures="0" errors="0" timestamp="2017-05-27T09:14:48" hostname="liyongxian01" time="1.788">
  <properties/>
  <testcase name="emptyMap" classname="io.mycat.memory.unsafe.map.BytesToBytesMapOnHeapSuite" time="0.0"/>
  <testcase name="iteratingOverDataPagesWithWastedSpace" classname="io.mycat.memory.unsafe.map.BytesToBytesMapOnHeapSuite" time="1.365"/>
  <testcase name="randomizedTestWithRecordsLargerThanPageSize" classname="io.mycat.memory.unsafe.map.BytesToBytesMapOnHeapSuite" time="0.034"/>
  <testcase name="failureToGrow" classname="io.mycat.memory.unsafe.map.BytesToBytesMapOnHeapSuite" time="0.002"/>
  <testcase name="iteratorTest" classname="io.mycat.memory.unsafe.map.BytesToBytesMapOnHeapSuite" time="0.011"/>
  <testcase name="randomizedStressTest" classname="io.mycat.memory.unsafe.map.BytesToBytesMapOnHeapSuite" time="0.28"/>
  <testcase name="setAndRetrieveAKey" classname="io.mycat.memory.unsafe.map.BytesToBytesMapOnHeapSuite" time="0.002"/>
  <testcase name="spillInIterator" classname="io.mycat.memory.unsafe.map.BytesToBytesMapOnHeapSuite" time="0.072"/>
  <testcase name="destructiveIteratorTest" classname="io.mycat.memory.unsafe.map.BytesToBytesMapOnHeapSuite" time="0.003"/>
  <testcase name="failureToAllocateFirstPage" classname="io.mycat.memory.unsafe.map.BytesToBytesMapOnHeapSuite" time="0.002"/>
  <testcase name="multipleValuesForSameKey" classname="io.mycat.memory.unsafe.map.BytesToBytesMapOnHeapSuite" time="0.008"/>
  <testcase name="initialCapacityBoundsChecking" classname="io.mycat.memory.unsafe.map.BytesToBytesMapOnHeapSuite" time="0.002"/>
  <testcase name="testPeakMemoryUsed" classname="io.mycat.memory.unsafe.map.BytesToBytesMapOnHeapSuite" time="0.002"/>
  <system-out><![CDATA[2017-05-27 17:14:50.060  INFO [Test worker] (io.mycat.memory.unsafe.memory.mm.DataNodeMemoryManager.showMemoryUsage(DataNodeMemoryManager.java:193)) - Memory used in Thread 0
2017-05-27 17:14:50.060  INFO [Test worker] (io.mycat.memory.unsafe.memory.mm.DataNodeMemoryManager.showMemoryUsage(DataNodeMemoryManager.java:200)) - Acquired by io.mycat.memory.unsafe.map.BytesToBytesMap@3a000b53: 2.0 KB
2017-05-27 17:14:50.061  INFO [Test worker] (io.mycat.memory.unsafe.memory.mm.DataNodeMemoryManager.showMemoryUsage(DataNodeMemoryManager.java:205)) - -2048 bytes of memory were used by task 0 but are not associated with specific consumers
2017-05-27 17:14:50.061  INFO [Test worker] (io.mycat.memory.unsafe.memory.mm.DataNodeMemoryManager.showMemoryUsage(DataNodeMemoryManager.java:208)) - 0 bytes of memory are used for execution and {} bytes of memory are used for storage
2017-05-27 17:14:50.414  WARN [Test worker] (io.mycat.memory.unsafe.storage.DataNodeFileManager.getFile(DataNodeFileManager.java:112)) - 0 exist !
2017-05-27 17:14:50.428 ERROR [Test worker] (io.mycat.memory.unsafe.map.BytesToBytesMap$MapIterator.hasNext(BytesToBytesMap.java:310)) - Was unable to delete spill file F:\git-mycat\Mycat-Server\datanode\datenode-4a61c81d-c9a4-4c2b-a224-bc6211e74921\0\55e8ce5a-e158-47fc-b6f8-51a318c12a24
2017-05-27 17:14:50.432  INFO [Test worker] (io.mycat.memory.unsafe.memory.mm.DataNodeMemoryManager.showMemoryUsage(DataNodeMemoryManager.java:193)) - Memory used in Thread 0
2017-05-27 17:14:50.433  INFO [Test worker] (io.mycat.memory.unsafe.memory.mm.DataNodeMemoryManager.showMemoryUsage(DataNodeMemoryManager.java:200)) - Acquired by io.mycat.memory.unsafe.map.BytesToBytesMap@23ab1d4a: 1024.0 B
2017-05-27 17:14:50.433  INFO [Test worker] (io.mycat.memory.unsafe.memory.mm.DataNodeMemoryManager.showMemoryUsage(DataNodeMemoryManager.java:205)) - -1024 bytes of memory were used by task 0 but are not associated with specific consumers
2017-05-27 17:14:50.433  INFO [Test worker] (io.mycat.memory.unsafe.memory.mm.DataNodeMemoryManager.showMemoryUsage(DataNodeMemoryManager.java:208)) - 0 bytes of memory are used for execution and {} bytes of memory are used for storage
]]></system-out>
  <system-err><![CDATA[]]></system-err>
</testsuite>
