<?xml version="1.0" encoding="UTF-8"?>
<testsuite name="io.mycat.memory.unsafe.sort.UnsafeExternalSorterRadixSortSuite" tests="10" skipped="0" failures="0" errors="0" timestamp="2017-05-27T09:14:52" hostname="liyongxian01" time="1.248">
  <properties/>
  <testcase name="testSortingOnlyByPrefix" classname="io.mycat.memory.unsafe.sort.UnsafeExternalSorterRadixSortSuite" time="0.029"/>
  <testcase name="testFillingPage" classname="io.mycat.memory.unsafe.sort.UnsafeExternalSorterRadixSortSuite" time="0.035"/>
  <testcase name="testSortTimeMetric" classname="io.mycat.memory.unsafe.sort.UnsafeExternalSorterRadixSortSuite" time="0.004"/>
  <testcase name="testSortingEmptyArrays" classname="io.mycat.memory.unsafe.sort.UnsafeExternalSorterRadixSortSuite" time="0.011"/>
  <testcase name="sortingRecordsThatExceedPageSize" classname="io.mycat.memory.unsafe.sort.UnsafeExternalSorterRadixSortSuite" time="0.073"/>
  <testcase name="forcedSpillingWithoutComparator" classname="io.mycat.memory.unsafe.sort.UnsafeExternalSorterRadixSortSuite" time="0.237"/>
  <testcase name="forcedSpillingWithNotReadIterator" classname="io.mycat.memory.unsafe.sort.UnsafeExternalSorterRadixSortSuite" time="0.064"/>
  <testcase name="spillingOccursInResponseToMemoryPressure" classname="io.mycat.memory.unsafe.sort.UnsafeExternalSorterRadixSortSuite" time="0.509"/>
  <testcase name="forcedSpillingWithReadIterator" classname="io.mycat.memory.unsafe.sort.UnsafeExternalSorterRadixSortSuite" time="0.26"/>
  <testcase name="testPeakMemoryUsed" classname="io.mycat.memory.unsafe.sort.UnsafeExternalSorterRadixSortSuite" time="0.017"/>
  <system-out><![CDATA[2017-05-27 17:14:52.705  INFO [Test worker] (io.mycat.memory.unsafe.utils.sort.UnsafeExternalSorter.spill(UnsafeExternalSorter.java:167)) - Thread11 spilling sort data of 4.0 MB to disk (0 times so far)
2017-05-27 17:14:52.719  WARN [Test worker] (io.mycat.memory.unsafe.storage.DataNodeFileManager.getFile(DataNodeFileManager.java:112)) - 49 exist !
2017-05-27 17:14:52.723  INFO [Test worker] (io.mycat.memory.unsafe.utils.sort.UnsafeExternalSorter.spill(UnsafeExternalSorter.java:167)) - Thread11 spilling sort data of 4.0 MB to disk (1 times so far)
2017-05-27 17:14:52.724  WARN [Test worker] (io.mycat.memory.unsafe.storage.DataNodeFileManager.getFile(DataNodeFileManager.java:112)) - 50 exist !
2017-05-27 17:14:52.732 ERROR [Test worker] (io.mycat.memory.unsafe.utils.sort.UnsafeExternalSorter.deleteSpillFiles(UnsafeExternalSorter.java:317)) - Failed to delete: F:\git-mycat\Mycat-Server\datanode\datenode-85e1c875-bdbf-46da-8151-9d0cc6e7f386\49\d7e3c2d7-d105-4d68-b87d-b8fc5b39952a
2017-05-27 17:14:52.733 ERROR [Test worker] (io.mycat.memory.unsafe.utils.sort.UnsafeExternalSorter.deleteSpillFiles(UnsafeExternalSorter.java:322)) - Was unable to delete spill file F:\git-mycat\Mycat-Server\datanode\datenode-85e1c875-bdbf-46da-8151-9d0cc6e7f386\49\d7e3c2d7-d105-4d68-b87d-b8fc5b39952a
2017-05-27 17:14:52.734 ERROR [Test worker] (io.mycat.memory.unsafe.utils.sort.UnsafeExternalSorter.deleteSpillFiles(UnsafeExternalSorter.java:317)) - Failed to delete: F:\git-mycat\Mycat-Server\datanode\datenode-aa399ec8-5c3f-4dd2-a5f4-d3f2403bd83f\50\56d75848-bc43-4b99-960a-d812c64581d5
2017-05-27 17:14:52.734 ERROR [Test worker] (io.mycat.memory.unsafe.utils.sort.UnsafeExternalSorter.deleteSpillFiles(UnsafeExternalSorter.java:322)) - Was unable to delete spill file F:\git-mycat\Mycat-Server\datanode\datenode-aa399ec8-5c3f-4dd2-a5f4-d3f2403bd83f\50\56d75848-bc43-4b99-960a-d812c64581d5
2017-05-27 17:14:52.771  INFO [Test worker] (io.mycat.memory.unsafe.utils.sort.UnsafeExternalSorter.spill(UnsafeExternalSorter.java:167)) - Thread11 spilling sort data of 4.0 MB to disk (0 times so far)
2017-05-27 17:14:52.772  WARN [Test worker] (io.mycat.memory.unsafe.storage.DataNodeFileManager.getFile(DataNodeFileManager.java:112)) - 8 exist !
2017-05-27 17:14:52.774  WARN [Test worker] (io.mycat.memory.unsafe.memory.mm.DataNodeMemoryManager.cleanUpAllAllocatedMemory(DataNodeMemoryManager.java:389)) - leak 4.0 MB memory from io.mycat.memory.unsafe.utils.sort.UnsafeExternalSorter@4199d4f9
2017-05-27 17:14:52.774  WARN [Test worker] (io.mycat.memory.unsafe.memory.mm.DataNodeMemoryManager.cleanUpAllAllocatedMemory(DataNodeMemoryManager.java:396)) - leak a page: io.mycat.memory.unsafe.memory.MemoryBlock@5a6d4914 in task 0
2017-05-27 17:14:52.774  WARN [Test worker] (io.mycat.memory.unsafe.memory.mm.DataNodeMemoryManager.cleanUpAllAllocatedMemory(DataNodeMemoryManager.java:396)) - leak a page: io.mycat.memory.unsafe.memory.MemoryBlock@3cd8ee6d in task 0
2017-05-27 17:14:52.776  INFO [Test worker] (io.mycat.memory.unsafe.utils.sort.UnsafeExternalSorter.spill(UnsafeExternalSorter.java:167)) - Thread11 spilling sort data of 4.0 MB to disk (0 times so far)
2017-05-27 17:14:52.777  WARN [Test worker] (io.mycat.memory.unsafe.storage.DataNodeFileManager.getFile(DataNodeFileManager.java:112)) - 58 exist !
2017-05-27 17:14:52.778  INFO [Test worker] (io.mycat.memory.unsafe.utils.sort.UnsafeExternalSorter.spill(UnsafeExternalSorter.java:167)) - Thread11 spilling sort data of 4.0 MB to disk (1 times so far)
2017-05-27 17:14:52.780  WARN [Test worker] (io.mycat.memory.unsafe.storage.DataNodeFileManager.getFile(DataNodeFileManager.java:112)) - 23 exist !
2017-05-27 17:14:52.783 ERROR [Test worker] (io.mycat.memory.unsafe.utils.sort.UnsafeExternalSorter.deleteSpillFiles(UnsafeExternalSorter.java:317)) - Failed to delete: F:\git-mycat\Mycat-Server\datanode\datenode-79653fd5-5ae4-4bc5-9bd0-301803a69039\58\7ffcfb94-930b-4fca-8e38-eac10b9484f8
2017-05-27 17:14:52.783 ERROR [Test worker] (io.mycat.memory.unsafe.utils.sort.UnsafeExternalSorter.deleteSpillFiles(UnsafeExternalSorter.java:322)) - Was unable to delete spill file F:\git-mycat\Mycat-Server\datanode\datenode-79653fd5-5ae4-4bc5-9bd0-301803a69039\58\7ffcfb94-930b-4fca-8e38-eac10b9484f8
2017-05-27 17:14:52.785 ERROR [Test worker] (io.mycat.memory.unsafe.utils.sort.UnsafeExternalSorter.deleteSpillFiles(UnsafeExternalSorter.java:317)) - Failed to delete: F:\git-mycat\Mycat-Server\datanode\datenode-1bc5e9a6-7b70-4115-8629-0b9f68d3511b\23\95551879-2739-4293-9c38-be09582f908d
2017-05-27 17:14:52.786 ERROR [Test worker] (io.mycat.memory.unsafe.utils.sort.UnsafeExternalSorter.deleteSpillFiles(UnsafeExternalSorter.java:322)) - Was unable to delete spill file F:\git-mycat\Mycat-Server\datanode\datenode-1bc5e9a6-7b70-4115-8629-0b9f68d3511b\23\95551879-2739-4293-9c38-be09582f908d
2017-05-27 17:14:52.800  INFO [Test worker] (io.mycat.memory.unsafe.utils.sort.UnsafeExternalSorter.spill(UnsafeExternalSorter.java:167)) - Thread11 spilling sort data of 16.0 MB to disk (0 times so far)
2017-05-27 17:14:52.802  WARN [Test worker] (io.mycat.memory.unsafe.storage.DataNodeFileManager.getFile(DataNodeFileManager.java:112)) - 29 exist !
2017-05-27 17:14:52.827  INFO [Test worker] (io.mycat.memory.unsafe.utils.sort.UnsafeExternalSorter.spill(UnsafeExternalSorter.java:167)) - Thread11 spilling sort data of 4.0 MB to disk (1 times so far)
2017-05-27 17:14:52.829  WARN [Test worker] (io.mycat.memory.unsafe.storage.DataNodeFileManager.getFile(DataNodeFileManager.java:112)) - 34 exist !
2017-05-27 17:14:52.858  WARN [Test worker] (io.mycat.memory.unsafe.memory.mm.DataNodeMemoryManager.cleanUpAllAllocatedMemory(DataNodeMemoryManager.java:389)) - leak 20.0 MB memory from io.mycat.memory.unsafe.utils.sort.UnsafeExternalSorter@155c1b1e
2017-05-27 17:14:52.859  WARN [Test worker] (io.mycat.memory.unsafe.memory.mm.DataNodeMemoryManager.cleanUpAllAllocatedMemory(DataNodeMemoryManager.java:396)) - leak a page: io.mycat.memory.unsafe.memory.MemoryBlock@51f85986 in task 0
2017-05-27 17:14:52.859  WARN [Test worker] (io.mycat.memory.unsafe.memory.mm.DataNodeMemoryManager.cleanUpAllAllocatedMemory(DataNodeMemoryManager.java:396)) - leak a page: io.mycat.memory.unsafe.memory.MemoryBlock@7bd9675 in task 0
2017-05-27 17:14:52.859  WARN [Test worker] (io.mycat.memory.unsafe.memory.mm.DataNodeMemoryManager.cleanUpAllAllocatedMemory(DataNodeMemoryManager.java:396)) - leak a page: io.mycat.memory.unsafe.memory.MemoryBlock@2fe0df4b in task 0
2017-05-27 17:14:52.862  INFO [Test worker] (io.mycat.memory.unsafe.utils.sort.UnsafeExternalSorter.spill(UnsafeExternalSorter.java:167)) - Thread11 spilling sort data of 4.0 MB to disk (0 times so far)
2017-05-27 17:14:52.864  WARN [Test worker] (io.mycat.memory.unsafe.storage.DataNodeFileManager.getFile(DataNodeFileManager.java:112)) - 10 exist !
2017-05-27 17:14:52.943  INFO [Test worker] (io.mycat.memory.unsafe.utils.sort.UnsafeExternalSorter.spill(UnsafeExternalSorter.java:167)) - Thread11 spilling sort data of 4.0 MB to disk (1 times so far)
2017-05-27 17:14:52.946  WARN [Test worker] (io.mycat.memory.unsafe.storage.DataNodeFileManager.getFile(DataNodeFileManager.java:112)) - 32 exist !
2017-05-27 17:14:52.978  INFO [Test worker] (io.mycat.memory.unsafe.utils.sort.UnsafeExternalSorter.spill(UnsafeExternalSorter.java:167)) - Thread11 spilling sort data of 4.0 MB to disk (2 times so far)
2017-05-27 17:14:52.979  WARN [Test worker] (io.mycat.memory.unsafe.storage.DataNodeFileManager.getFile(DataNodeFileManager.java:112)) - 3 exist !
2017-05-27 17:14:52.997  INFO [Test worker] (io.mycat.memory.unsafe.utils.sort.UnsafeExternalSorter.spill(UnsafeExternalSorter.java:167)) - Thread11 spilling sort data of 4.0 MB to disk (3 times so far)
2017-05-27 17:14:52.998  WARN [Test worker] (io.mycat.memory.unsafe.storage.DataNodeFileManager.getFile(DataNodeFileManager.java:112)) - 53 exist !
2017-05-27 17:14:53.092 ERROR [Test worker] (io.mycat.memory.unsafe.utils.sort.UnsafeExternalSorter.deleteSpillFiles(UnsafeExternalSorter.java:317)) - Failed to delete: F:\git-mycat\Mycat-Server\datanode\datenode-003c1e35-ff35-4b6a-8204-07b69c00a05f\10\5ad0abc3-7260-41c2-9a9f-69912db48943
2017-05-27 17:14:53.092 ERROR [Test worker] (io.mycat.memory.unsafe.utils.sort.UnsafeExternalSorter.deleteSpillFiles(UnsafeExternalSorter.java:322)) - Was unable to delete spill file F:\git-mycat\Mycat-Server\datanode\datenode-003c1e35-ff35-4b6a-8204-07b69c00a05f\10\5ad0abc3-7260-41c2-9a9f-69912db48943
2017-05-27 17:14:53.093 ERROR [Test worker] (io.mycat.memory.unsafe.utils.sort.UnsafeExternalSorter.deleteSpillFiles(UnsafeExternalSorter.java:317)) - Failed to delete: F:\git-mycat\Mycat-Server\datanode\datenode-8b608dae-eb51-47e4-8e87-c2b3dd2f80e1\32\94a29d13-54a8-4945-ac8a-f32a290e5829
2017-05-27 17:14:53.094 ERROR [Test worker] (io.mycat.memory.unsafe.utils.sort.UnsafeExternalSorter.deleteSpillFiles(UnsafeExternalSorter.java:322)) - Was unable to delete spill file F:\git-mycat\Mycat-Server\datanode\datenode-8b608dae-eb51-47e4-8e87-c2b3dd2f80e1\32\94a29d13-54a8-4945-ac8a-f32a290e5829
2017-05-27 17:14:53.095 ERROR [Test worker] (io.mycat.memory.unsafe.utils.sort.UnsafeExternalSorter.deleteSpillFiles(UnsafeExternalSorter.java:317)) - Failed to delete: F:\git-mycat\Mycat-Server\datanode\datenode-34ba5185-95c1-45e1-9950-6bb031e43b69\3\9834eb7a-5bc8-40d3-a6aa-784924673062
2017-05-27 17:14:53.095 ERROR [Test worker] (io.mycat.memory.unsafe.utils.sort.UnsafeExternalSorter.deleteSpillFiles(UnsafeExternalSorter.java:322)) - Was unable to delete spill file F:\git-mycat\Mycat-Server\datanode\datenode-34ba5185-95c1-45e1-9950-6bb031e43b69\3\9834eb7a-5bc8-40d3-a6aa-784924673062
2017-05-27 17:14:53.097 ERROR [Test worker] (io.mycat.memory.unsafe.utils.sort.UnsafeExternalSorter.deleteSpillFiles(UnsafeExternalSorter.java:317)) - Failed to delete: F:\git-mycat\Mycat-Server\datanode\datenode-a7de4173-cd05-4304-91cf-220a1f0d16b6\53\5d84c3b9-229c-4934-82c4-ca56b687bc1f
2017-05-27 17:14:53.097 ERROR [Test worker] (io.mycat.memory.unsafe.utils.sort.UnsafeExternalSorter.deleteSpillFiles(UnsafeExternalSorter.java:322)) - Was unable to delete spill file F:\git-mycat\Mycat-Server\datanode\datenode-a7de4173-cd05-4304-91cf-220a1f0d16b6\53\5d84c3b9-229c-4934-82c4-ca56b687bc1f
2017-05-27 17:14:53.104  WARN [Test worker] (io.mycat.memory.unsafe.storage.DataNodeFileManager.getFile(DataNodeFileManager.java:112)) - 63 exist !
2017-05-27 17:14:53.161 ERROR [Test worker] (io.mycat.memory.unsafe.utils.sort.UnsafeExternalSorter.deleteSpillFiles(UnsafeExternalSorter.java:317)) - Failed to delete: F:\git-mycat\Mycat-Server\datanode\datenode-4714d274-011b-444c-8ed8-c20e568ed667\63\f4915bcf-782b-49e6-97c0-61d711435647
2017-05-27 17:14:53.162 ERROR [Test worker] (io.mycat.memory.unsafe.utils.sort.UnsafeExternalSorter.deleteSpillFiles(UnsafeExternalSorter.java:322)) - Was unable to delete spill file F:\git-mycat\Mycat-Server\datanode\datenode-4714d274-011b-444c-8ed8-c20e568ed667\63\f4915bcf-782b-49e6-97c0-61d711435647
2017-05-27 17:14:53.221  INFO [Test worker] (io.mycat.memory.unsafe.utils.sort.UnsafeExternalSorter.spill(UnsafeExternalSorter.java:167)) - Thread11 spilling sort data of 20.0 MB to disk (0 times so far)
2017-05-27 17:14:53.223  WARN [Test worker] (io.mycat.memory.unsafe.storage.DataNodeFileManager.getFile(DataNodeFileManager.java:112)) - 52 exist !
2017-05-27 17:14:53.507  INFO [Test worker] (io.mycat.memory.unsafe.memory.mm.DataNodeMemoryManager.acquireExecutionMemory(DataNodeMemoryManager.java:160)) - Thread 0 released 4.0 MBfrom itself (io.mycat.memory.unsafe.utils.sort.UnsafeExternalSorter@e6e0632)
2017-05-27 17:14:53.671 ERROR [Test worker] (io.mycat.memory.unsafe.utils.sort.UnsafeExternalSorter.deleteSpillFiles(UnsafeExternalSorter.java:317)) - Failed to delete: F:\git-mycat\Mycat-Server\datanode\datenode-82b8c99d-d800-4499-b540-a674ea8c6325\52\53a61bcc-1606-4376-bfb4-c95d41cdded3
2017-05-27 17:14:53.671 ERROR [Test worker] (io.mycat.memory.unsafe.utils.sort.UnsafeExternalSorter.deleteSpillFiles(UnsafeExternalSorter.java:322)) - Was unable to delete spill file F:\git-mycat\Mycat-Server\datanode\datenode-82b8c99d-d800-4499-b540-a674ea8c6325\52\53a61bcc-1606-4376-bfb4-c95d41cdded3
2017-05-27 17:14:53.681  WARN [Test worker] (io.mycat.memory.unsafe.storage.DataNodeFileManager.getFile(DataNodeFileManager.java:112)) - 32 exist !
2017-05-27 17:14:53.930 ERROR [Test worker] (io.mycat.memory.unsafe.utils.sort.UnsafeExternalSorter.deleteSpillFiles(UnsafeExternalSorter.java:317)) - Failed to delete: F:\git-mycat\Mycat-Server\datanode\datenode-8c2833a1-173c-4f8d-b110-79ae639be557\32\f7d29c2a-93dd-490c-b061-d7203d0b1374
2017-05-27 17:14:53.932 ERROR [Test worker] (io.mycat.memory.unsafe.utils.sort.UnsafeExternalSorter.deleteSpillFiles(UnsafeExternalSorter.java:322)) - Was unable to delete spill file F:\git-mycat\Mycat-Server\datanode\datenode-8c2833a1-173c-4f8d-b110-79ae639be557\32\f7d29c2a-93dd-490c-b061-d7203d0b1374
2017-05-27 17:14:53.937  INFO [Test worker] (io.mycat.memory.unsafe.utils.sort.UnsafeExternalSorter.spill(UnsafeExternalSorter.java:167)) - Thread11 spilling sort data of 18.0 KB to disk (0 times so far)
2017-05-27 17:14:53.940  WARN [Test worker] (io.mycat.memory.unsafe.storage.DataNodeFileManager.getFile(DataNodeFileManager.java:112)) - 25 exist !
2017-05-27 17:14:53.951 ERROR [Test worker] (io.mycat.memory.unsafe.utils.sort.UnsafeExternalSorter.deleteSpillFiles(UnsafeExternalSorter.java:317)) - Failed to delete: F:\git-mycat\Mycat-Server\datanode\datenode-6181541e-1fc8-488d-8a0b-f389e85ebaf3\25\4bfa300a-1641-4453-9e4c-5a9c85ef2393
2017-05-27 17:14:53.952 ERROR [Test worker] (io.mycat.memory.unsafe.utils.sort.UnsafeExternalSorter.deleteSpillFiles(UnsafeExternalSorter.java:322)) - Was unable to delete spill file F:\git-mycat\Mycat-Server\datanode\datenode-6181541e-1fc8-488d-8a0b-f389e85ebaf3\25\4bfa300a-1641-4453-9e4c-5a9c85ef2393
]]></system-out>
  <system-err><![CDATA[]]></system-err>
</testsuite>
