<?xml version="1.0" encoding="UTF-8"?>
<testsuite name="io.mycat.route.function.PartitionByHotDateTest" tests="1" skipped="0" failures="0" errors="0" timestamp="2017-05-27T09:15:02" hostname="liyongxian01" time="0.006">
  <properties/>
  <testcase name="test" classname="io.mycat.route.function.PartitionByHotDateTest" time="0.006"/>
  <system-out><![CDATA[]]></system-out>
  <system-err><![CDATA[2017-05-22
2017-05-16
2017-05-06
2017-05-22
2017-05-16
2017-05-06
]]></system-err>
</testsuite>
