<?xml version="1.0" encoding="UTF-8"?>
<testsuite name="io.mycat.memory.unsafe.hash.Murmur3_x86_32Suite" tests="5" skipped="0" failures="0" errors="0" timestamp="2017-05-27T09:14:47" hostname="liyongxian01" time="0.296">
  <properties/>
  <testcase name="randomizedStressTestPaddedStrings" classname="io.mycat.memory.unsafe.hash.Murmur3_x86_32Suite" time="0.092"/>
  <testcase name="randomizedStressTest" classname="io.mycat.memory.unsafe.hash.Murmur3_x86_32Suite" time="0.035"/>
  <testcase name="testKnownIntegerInputs" classname="io.mycat.memory.unsafe.hash.Murmur3_x86_32Suite" time="0.0"/>
  <testcase name="randomizedStressTestBytes" classname="io.mycat.memory.unsafe.hash.Murmur3_x86_32Suite" time="0.167"/>
  <testcase name="testKnownLongInputs" classname="io.mycat.memory.unsafe.hash.Murmur3_x86_32Suite" time="0.0"/>
  <system-out><![CDATA[]]></system-out>
  <system-err><![CDATA[]]></system-err>
</testsuite>
