<?xml version="1.0" encoding="UTF-8"?>
<testsuite name="io.mycat.memory.unsafe.sort.UnsafeExternalSorterRadixSortSuite" tests="10" skipped="0" failures="0" errors="0" timestamp="2017-05-22T07:41:40" hostname="DESKTOP-T7UG6RU" time="0.881">
  <properties/>
  <testcase name="forcedSpillingWithNotReadIterator" classname="io.mycat.memory.unsafe.sort.UnsafeExternalSorterRadixSortSuite" time="0.066"/>
  <testcase name="forcedSpillingWithoutComparator" classname="io.mycat.memory.unsafe.sort.UnsafeExternalSorterRadixSortSuite" time="0.079"/>
  <testcase name="forcedSpillingWithReadIterator" classname="io.mycat.memory.unsafe.sort.UnsafeExternalSorterRadixSortSuite" time="0.047"/>
  <testcase name="sortingRecordsThatExceedPageSize" classname="io.mycat.memory.unsafe.sort.UnsafeExternalSorterRadixSortSuite" time="0.073"/>
  <testcase name="spillingOccursInResponseToMemoryPressure" classname="io.mycat.memory.unsafe.sort.UnsafeExternalSorterRadixSortSuite" time="0.524"/>
  <testcase name="testSortingEmptyArrays" classname="io.mycat.memory.unsafe.sort.UnsafeExternalSorterRadixSortSuite" time="0.016"/>
  <testcase name="testSortingOnlyByPrefix" classname="io.mycat.memory.unsafe.sort.UnsafeExternalSorterRadixSortSuite" time="0.016"/>
  <testcase name="testSortTimeMetric" classname="io.mycat.memory.unsafe.sort.UnsafeExternalSorterRadixSortSuite" time="0.006"/>
  <testcase name="testFillingPage" classname="io.mycat.memory.unsafe.sort.UnsafeExternalSorterRadixSortSuite" time="0.044"/>
  <testcase name="testPeakMemoryUsed" classname="io.mycat.memory.unsafe.sort.UnsafeExternalSorterRadixSortSuite" time="0.008"/>
  <system-out><![CDATA[2017-05-22 15:41:40.701  WARN [Test worker] (io.mycat.memory.unsafe.storage.DataNodeFileManager.getFile(DataNodeFileManager.java:112)) - 62 exist !
2017-05-22 15:41:40.754 ERROR [Test worker] (io.mycat.memory.unsafe.utils.sort.UnsafeExternalSorter.deleteSpillFiles(UnsafeExternalSorter.java:317)) - Failed to delete: C:\Users\hqq\git\Mycat-Server\datanode\datenode-f8b3f9ce-3bec-4e13-9aa1-f6fc5ab64ba9\62\f954318b-43c1-4bb7-9638-68cf40e7ee96
2017-05-22 15:41:40.755 ERROR [Test worker] (io.mycat.memory.unsafe.utils.sort.UnsafeExternalSorter.deleteSpillFiles(UnsafeExternalSorter.java:322)) - Was unable to delete spill file C:\Users\hqq\git\Mycat-Server\datanode\datenode-f8b3f9ce-3bec-4e13-9aa1-f6fc5ab64ba9\62\f954318b-43c1-4bb7-9638-68cf40e7ee96
2017-05-22 15:41:40.757  INFO [Test worker] (io.mycat.memory.unsafe.utils.sort.UnsafeExternalSorter.spill(UnsafeExternalSorter.java:167)) - Thread10 spilling sort data of 4.0 MB to disk (0 times so far)
2017-05-22 15:41:40.760  WARN [Test worker] (io.mycat.memory.unsafe.storage.DataNodeFileManager.getFile(DataNodeFileManager.java:112)) - 1 exist !
2017-05-22 15:41:40.769  INFO [Test worker] (io.mycat.memory.unsafe.utils.sort.UnsafeExternalSorter.spill(UnsafeExternalSorter.java:167)) - Thread10 spilling sort data of 4.0 MB to disk (1 times so far)
2017-05-22 15:41:40.771  WARN [Test worker] (io.mycat.memory.unsafe.storage.DataNodeFileManager.getFile(DataNodeFileManager.java:112)) - 8 exist !
2017-05-22 15:41:40.781  INFO [Test worker] (io.mycat.memory.unsafe.utils.sort.UnsafeExternalSorter.spill(UnsafeExternalSorter.java:167)) - Thread10 spilling sort data of 4.0 MB to disk (2 times so far)
2017-05-22 15:41:40.783  WARN [Test worker] (io.mycat.memory.unsafe.storage.DataNodeFileManager.getFile(DataNodeFileManager.java:112)) - 37 exist !
2017-05-22 15:41:40.793  INFO [Test worker] (io.mycat.memory.unsafe.utils.sort.UnsafeExternalSorter.spill(UnsafeExternalSorter.java:167)) - Thread10 spilling sort data of 4.0 MB to disk (3 times so far)
2017-05-22 15:41:40.795  WARN [Test worker] (io.mycat.memory.unsafe.storage.DataNodeFileManager.getFile(DataNodeFileManager.java:112)) - 61 exist !
2017-05-22 15:41:40.824 ERROR [Test worker] (io.mycat.memory.unsafe.utils.sort.UnsafeExternalSorter.deleteSpillFiles(UnsafeExternalSorter.java:317)) - Failed to delete: C:\Users\hqq\git\Mycat-Server\datanode\datenode-e87f15b8-9e77-43b2-92de-a53424df0a56\1\9aae7884-d67b-4e5f-8c51-9de5afe16bcc
2017-05-22 15:41:40.825 ERROR [Test worker] (io.mycat.memory.unsafe.utils.sort.UnsafeExternalSorter.deleteSpillFiles(UnsafeExternalSorter.java:322)) - Was unable to delete spill file C:\Users\hqq\git\Mycat-Server\datanode\datenode-e87f15b8-9e77-43b2-92de-a53424df0a56\1\9aae7884-d67b-4e5f-8c51-9de5afe16bcc
2017-05-22 15:41:40.827 ERROR [Test worker] (io.mycat.memory.unsafe.utils.sort.UnsafeExternalSorter.deleteSpillFiles(UnsafeExternalSorter.java:317)) - Failed to delete: C:\Users\hqq\git\Mycat-Server\datanode\datenode-42f444f5-8ff2-46b7-a695-fd321a6f7b3f\8\e31018c3-fca4-413f-bca4-ac30d51e01b5
2017-05-22 15:41:40.828 ERROR [Test worker] (io.mycat.memory.unsafe.utils.sort.UnsafeExternalSorter.deleteSpillFiles(UnsafeExternalSorter.java:322)) - Was unable to delete spill file C:\Users\hqq\git\Mycat-Server\datanode\datenode-42f444f5-8ff2-46b7-a695-fd321a6f7b3f\8\e31018c3-fca4-413f-bca4-ac30d51e01b5
2017-05-22 15:41:40.830 ERROR [Test worker] (io.mycat.memory.unsafe.utils.sort.UnsafeExternalSorter.deleteSpillFiles(UnsafeExternalSorter.java:317)) - Failed to delete: C:\Users\hqq\git\Mycat-Server\datanode\datenode-2fbccd1e-a613-41c3-90f3-dde4698cda93\37\55693b9b-e45c-4319-8f96-4c8dfe66212d
2017-05-22 15:41:40.831 ERROR [Test worker] (io.mycat.memory.unsafe.utils.sort.UnsafeExternalSorter.deleteSpillFiles(UnsafeExternalSorter.java:322)) - Was unable to delete spill file C:\Users\hqq\git\Mycat-Server\datanode\datenode-2fbccd1e-a613-41c3-90f3-dde4698cda93\37\55693b9b-e45c-4319-8f96-4c8dfe66212d
2017-05-22 15:41:40.834 ERROR [Test worker] (io.mycat.memory.unsafe.utils.sort.UnsafeExternalSorter.deleteSpillFiles(UnsafeExternalSorter.java:317)) - Failed to delete: C:\Users\hqq\git\Mycat-Server\datanode\datenode-271477b9-db86-4203-9535-25734af24644\61\27dce40e-bf75-488a-a2f7-d0df4d941b13
2017-05-22 15:41:40.835 ERROR [Test worker] (io.mycat.memory.unsafe.utils.sort.UnsafeExternalSorter.deleteSpillFiles(UnsafeExternalSorter.java:322)) - Was unable to delete spill file C:\Users\hqq\git\Mycat-Server\datanode\datenode-271477b9-db86-4203-9535-25734af24644\61\27dce40e-bf75-488a-a2f7-d0df4d941b13
2017-05-22 15:41:40.846  WARN [Test worker] (io.mycat.memory.unsafe.storage.DataNodeFileManager.getFile(DataNodeFileManager.java:112)) - 8 exist !
2017-05-22 15:41:40.881 ERROR [Test worker] (io.mycat.memory.unsafe.utils.sort.UnsafeExternalSorter.deleteSpillFiles(UnsafeExternalSorter.java:317)) - Failed to delete: C:\Users\hqq\git\Mycat-Server\datanode\datenode-789e9336-53e0-4eea-bc8e-413515b96bd1\8\e0e56f90-3313-48f0-8f3e-15a5613b418c
2017-05-22 15:41:40.883 ERROR [Test worker] (io.mycat.memory.unsafe.utils.sort.UnsafeExternalSorter.deleteSpillFiles(UnsafeExternalSorter.java:322)) - Was unable to delete spill file C:\Users\hqq\git\Mycat-Server\datanode\datenode-789e9336-53e0-4eea-bc8e-413515b96bd1\8\e0e56f90-3313-48f0-8f3e-15a5613b418c
2017-05-22 15:41:40.904  INFO [Test worker] (io.mycat.memory.unsafe.utils.sort.UnsafeExternalSorter.spill(UnsafeExternalSorter.java:167)) - Thread10 spilling sort data of 16.0 MB to disk (0 times so far)
2017-05-22 15:41:40.907  WARN [Test worker] (io.mycat.memory.unsafe.storage.DataNodeFileManager.getFile(DataNodeFileManager.java:112)) - 54 exist !
2017-05-22 15:41:40.927  INFO [Test worker] (io.mycat.memory.unsafe.utils.sort.UnsafeExternalSorter.spill(UnsafeExternalSorter.java:167)) - Thread10 spilling sort data of 4.0 MB to disk (1 times so far)
2017-05-22 15:41:40.929  WARN [Test worker] (io.mycat.memory.unsafe.storage.DataNodeFileManager.getFile(DataNodeFileManager.java:112)) - 42 exist !
2017-05-22 15:41:40.954  WARN [Test worker] (io.mycat.memory.unsafe.memory.mm.DataNodeMemoryManager.cleanUpAllAllocatedMemory(DataNodeMemoryManager.java:389)) - leak 20.0 MB memory from io.mycat.memory.unsafe.utils.sort.UnsafeExternalSorter@1543094
2017-05-22 15:41:40.955  WARN [Test worker] (io.mycat.memory.unsafe.memory.mm.DataNodeMemoryManager.cleanUpAllAllocatedMemory(DataNodeMemoryManager.java:396)) - leak a page: io.mycat.memory.unsafe.memory.MemoryBlock@e8d037 in task 0
2017-05-22 15:41:40.955  WARN [Test worker] (io.mycat.memory.unsafe.memory.mm.DataNodeMemoryManager.cleanUpAllAllocatedMemory(DataNodeMemoryManager.java:396)) - leak a page: io.mycat.memory.unsafe.memory.MemoryBlock@bddbc2 in task 0
2017-05-22 15:41:40.955  WARN [Test worker] (io.mycat.memory.unsafe.memory.mm.DataNodeMemoryManager.cleanUpAllAllocatedMemory(DataNodeMemoryManager.java:396)) - leak a page: io.mycat.memory.unsafe.memory.MemoryBlock@a6a831 in task 0
2017-05-22 15:41:41.078  INFO [Test worker] (io.mycat.memory.unsafe.utils.sort.UnsafeExternalSorter.spill(UnsafeExternalSorter.java:167)) - Thread10 spilling sort data of 20.0 MB to disk (0 times so far)
2017-05-22 15:41:41.080  WARN [Test worker] (io.mycat.memory.unsafe.storage.DataNodeFileManager.getFile(DataNodeFileManager.java:112)) - 45 exist !
2017-05-22 15:41:41.315  INFO [Test worker] (io.mycat.memory.unsafe.memory.mm.DataNodeMemoryManager.acquireExecutionMemory(DataNodeMemoryManager.java:160)) - Thread 0 released 4.0 MBfrom itself (io.mycat.memory.unsafe.utils.sort.UnsafeExternalSorter@16c4812)
2017-05-22 15:41:41.481  INFO [Test worker] (io.mycat.memory.unsafe.utils.sort.UnsafeExternalSorter.spill(UnsafeExternalSorter.java:167)) - Thread10 spilling sort data of 4.0 MB to disk (0 times so far)
2017-05-22 15:41:41.483  WARN [Test worker] (io.mycat.memory.unsafe.storage.DataNodeFileManager.getFile(DataNodeFileManager.java:112)) - 39 exist !
2017-05-22 15:41:41.485  INFO [Test worker] (io.mycat.memory.unsafe.utils.sort.UnsafeExternalSorter.spill(UnsafeExternalSorter.java:167)) - Thread10 spilling sort data of 4.0 MB to disk (1 times so far)
2017-05-22 15:41:41.488  WARN [Test worker] (io.mycat.memory.unsafe.storage.DataNodeFileManager.getFile(DataNodeFileManager.java:112)) - 30 exist !
2017-05-22 15:41:41.492 ERROR [Test worker] (io.mycat.memory.unsafe.utils.sort.UnsafeExternalSorter.deleteSpillFiles(UnsafeExternalSorter.java:317)) - Failed to delete: C:\Users\hqq\git\Mycat-Server\datanode\datenode-f9180785-e8bb-4081-8652-b035e631dbea\39\e0b7b352-8a70-4a77-949d-0d024645831c
2017-05-22 15:41:41.493 ERROR [Test worker] (io.mycat.memory.unsafe.utils.sort.UnsafeExternalSorter.deleteSpillFiles(UnsafeExternalSorter.java:322)) - Was unable to delete spill file C:\Users\hqq\git\Mycat-Server\datanode\datenode-f9180785-e8bb-4081-8652-b035e631dbea\39\e0b7b352-8a70-4a77-949d-0d024645831c
2017-05-22 15:41:41.495 ERROR [Test worker] (io.mycat.memory.unsafe.utils.sort.UnsafeExternalSorter.deleteSpillFiles(UnsafeExternalSorter.java:317)) - Failed to delete: C:\Users\hqq\git\Mycat-Server\datanode\datenode-7449dacd-7382-47b1-8a04-9d5a4eea795e\30\51aa124e-8f84-4e88-adaa-ee38d21e9cba
2017-05-22 15:41:41.496 ERROR [Test worker] (io.mycat.memory.unsafe.utils.sort.UnsafeExternalSorter.deleteSpillFiles(UnsafeExternalSorter.java:322)) - Was unable to delete spill file C:\Users\hqq\git\Mycat-Server\datanode\datenode-7449dacd-7382-47b1-8a04-9d5a4eea795e\30\51aa124e-8f84-4e88-adaa-ee38d21e9cba
2017-05-22 15:41:41.497  INFO [Test worker] (io.mycat.memory.unsafe.utils.sort.UnsafeExternalSorter.spill(UnsafeExternalSorter.java:167)) - Thread10 spilling sort data of 4.0 MB to disk (0 times so far)
2017-05-22 15:41:41.499  WARN [Test worker] (io.mycat.memory.unsafe.storage.DataNodeFileManager.getFile(DataNodeFileManager.java:112)) - 4 exist !
2017-05-22 15:41:41.501  INFO [Test worker] (io.mycat.memory.unsafe.utils.sort.UnsafeExternalSorter.spill(UnsafeExternalSorter.java:167)) - Thread10 spilling sort data of 4.0 MB to disk (1 times so far)
2017-05-22 15:41:41.503  WARN [Test worker] (io.mycat.memory.unsafe.storage.DataNodeFileManager.getFile(DataNodeFileManager.java:112)) - 55 exist !
2017-05-22 15:41:41.507 ERROR [Test worker] (io.mycat.memory.unsafe.utils.sort.UnsafeExternalSorter.deleteSpillFiles(UnsafeExternalSorter.java:317)) - Failed to delete: C:\Users\hqq\git\Mycat-Server\datanode\datenode-026c5e1c-d301-4327-8c8c-06719860897f\4\2235a9a1-87ac-4126-a507-dfa059b85d50
2017-05-22 15:41:41.508 ERROR [Test worker] (io.mycat.memory.unsafe.utils.sort.UnsafeExternalSorter.deleteSpillFiles(UnsafeExternalSorter.java:322)) - Was unable to delete spill file C:\Users\hqq\git\Mycat-Server\datanode\datenode-026c5e1c-d301-4327-8c8c-06719860897f\4\2235a9a1-87ac-4126-a507-dfa059b85d50
2017-05-22 15:41:41.510 ERROR [Test worker] (io.mycat.memory.unsafe.utils.sort.UnsafeExternalSorter.deleteSpillFiles(UnsafeExternalSorter.java:317)) - Failed to delete: C:\Users\hqq\git\Mycat-Server\datanode\datenode-b1668ee8-4e61-423e-95cd-ee2aecc9d17e\55\8b4f16ab-cebe-4363-940f-ed89e172f790
2017-05-22 15:41:41.511 ERROR [Test worker] (io.mycat.memory.unsafe.utils.sort.UnsafeExternalSorter.deleteSpillFiles(UnsafeExternalSorter.java:322)) - Was unable to delete spill file C:\Users\hqq\git\Mycat-Server\datanode\datenode-b1668ee8-4e61-423e-95cd-ee2aecc9d17e\55\8b4f16ab-cebe-4363-940f-ed89e172f790
2017-05-22 15:41:41.512  INFO [Test worker] (io.mycat.memory.unsafe.utils.sort.UnsafeExternalSorter.spill(UnsafeExternalSorter.java:167)) - Thread10 spilling sort data of 4.0 MB to disk (0 times so far)
2017-05-22 15:41:41.515  WARN [Test worker] (io.mycat.memory.unsafe.storage.DataNodeFileManager.getFile(DataNodeFileManager.java:112)) - 43 exist !
2017-05-22 15:41:41.517  WARN [Test worker] (io.mycat.memory.unsafe.memory.mm.DataNodeMemoryManager.cleanUpAllAllocatedMemory(DataNodeMemoryManager.java:389)) - leak 4.0 MB memory from io.mycat.memory.unsafe.utils.sort.UnsafeExternalSorter@1dad48d
2017-05-22 15:41:41.517  WARN [Test worker] (io.mycat.memory.unsafe.memory.mm.DataNodeMemoryManager.cleanUpAllAllocatedMemory(DataNodeMemoryManager.java:396)) - leak a page: io.mycat.memory.unsafe.memory.MemoryBlock@1b8896c in task 0
2017-05-22 15:41:41.517  WARN [Test worker] (io.mycat.memory.unsafe.memory.mm.DataNodeMemoryManager.cleanUpAllAllocatedMemory(DataNodeMemoryManager.java:396)) - leak a page: io.mycat.memory.unsafe.memory.MemoryBlock@bddbc2 in task 0
2017-05-22 15:41:41.563  INFO [Test worker] (io.mycat.memory.unsafe.utils.sort.UnsafeExternalSorter.spill(UnsafeExternalSorter.java:167)) - Thread10 spilling sort data of 18.0 KB to disk (0 times so far)
2017-05-22 15:41:41.565  WARN [Test worker] (io.mycat.memory.unsafe.storage.DataNodeFileManager.getFile(DataNodeFileManager.java:112)) - 49 exist !
2017-05-22 15:41:41.569 ERROR [Test worker] (io.mycat.memory.unsafe.utils.sort.UnsafeExternalSorter.deleteSpillFiles(UnsafeExternalSorter.java:317)) - Failed to delete: C:\Users\hqq\git\Mycat-Server\datanode\datenode-a61c9c9a-b24b-44b9-8dc0-5d34aefe8fe4\49\dcf275b5-5d07-4c1d-b9a7-d4a6f3fcb6d7
2017-05-22 15:41:41.570 ERROR [Test worker] (io.mycat.memory.unsafe.utils.sort.UnsafeExternalSorter.deleteSpillFiles(UnsafeExternalSorter.java:322)) - Was unable to delete spill file C:\Users\hqq\git\Mycat-Server\datanode\datenode-a61c9c9a-b24b-44b9-8dc0-5d34aefe8fe4\49\dcf275b5-5d07-4c1d-b9a7-d4a6f3fcb6d7
]]></system-out>
  <system-err><![CDATA[]]></system-err>
</testsuite>
