<?xml version="1.0" encoding="UTF-8"?>
<testsuite name="io.mycat.memory.unsafe.PlatformUtilSuite" tests="1" skipped="0" failures="0" errors="0" timestamp="2017-05-27T09:14:47" hostname="liyongxian01" time="0.069">
  <properties/>
  <testcase name="overlappingCopyMemory" classname="io.mycat.memory.unsafe.PlatformUtilSuite" time="0.069"/>
  <system-out><![CDATA[]]></system-out>
  <system-err><![CDATA[]]></system-err>
</testsuite>
