<?xml version="1.0" encoding="UTF-8"?>
<testsuite name="io.mycat.parser.druid.DruidSequenceHandlerTest" tests="2" skipped="0" failures="0" errors="0" timestamp="2017-05-27T09:14:57" hostname="liyongxian01" time="0.01">
  <properties/>
  <testcase name="test" classname="io.mycat.parser.druid.DruidSequenceHandlerTest" time="0.009"/>
  <testcase name="test2" classname="io.mycat.parser.druid.DruidSequenceHandlerTest" time="0.001"/>
  <system-out><![CDATA[]]></system-out>
  <system-err><![CDATA[]]></system-err>
</testsuite>
