<?xml version="1.0" encoding="UTF-8"?>
<testsuite name="io.mycat.mysql.MySQLMessageTest" tests="3" skipped="0" failures="0" errors="0" timestamp="2017-05-27T09:14:57" hostname="liyongxian01" time="0.003">
  <properties/>
  <testcase name="testReadBytesWithNull" classname="io.mycat.mysql.MySQLMessageTest" time="0.003"/>
  <testcase name="testReadBytesWithNull2" classname="io.mycat.mysql.MySQLMessageTest" time="0.0"/>
  <testcase name="testReadBytesWithNull3" classname="io.mycat.mysql.MySQLMessageTest" time="0.0"/>
  <system-out><![CDATA[]]></system-out>
  <system-err><![CDATA[]]></system-err>
</testsuite>
