<?xml version="1.0" encoding="UTF-8"?>
<testsuite name="io.mycat.route.DQLRouteTest" tests="1" skipped="0" failures="0" errors="0" timestamp="2017-05-27T09:14:59" hostname="liyongxian01" time="0.005">
  <properties/>
  <testcase name="test" classname="io.mycat.route.DQLRouteTest" time="0.005"/>
  <system-out><![CDATA[]]></system-out>
  <system-err><![CDATA[]]></system-err>
</testsuite>
