<?xml version="1.0" encoding="UTF-8"?>
<testsuite name="io.mycat.parser.util.PairUtilTest" tests="1" skipped="0" failures="0" errors="0" timestamp="2017-05-22T07:41:43" hostname="DESKTOP-T7UG6RU" time="0.001">
  <properties/>
  <testcase name="testSequenceSlicing" classname="io.mycat.parser.util.PairUtilTest" time="0.001"/>
  <system-out><![CDATA[]]></system-out>
  <system-err><![CDATA[]]></system-err>
</testsuite>
