<?xml version="1.0" encoding="UTF-8"?>
<testsuite name="io.mycat.route.function.PartitionByHashModTest" tests="1" skipped="0" failures="0" errors="0" timestamp="2017-05-27T09:15:00" hostname="liyongxian01" time="1.807">
  <properties/>
  <testcase name="test" classname="io.mycat.route.function.PartitionByHashModTest" time="1.807"/>
  <system-out><![CDATA[Shard Count is 64, time elapsed: 1793
Shard Count is 63, time elapsed: 1805
]]></system-out>
  <system-err><![CDATA[]]></system-err>
</testsuite>
