<?xml version="1.0" encoding="UTF-8"?>
<testsuite name="io.mycat.memory.unsafe.storage.SerializerManagerTest" tests="1" skipped="0" failures="0" errors="0" timestamp="2017-05-27T09:14:56" hostname="liyongxian01" time="0.0">
  <properties/>
  <testcase name="testNewSerializerManager" classname="io.mycat.memory.unsafe.storage.SerializerManagerTest" time="0.0"/>
  <system-out><![CDATA[]]></system-out>
  <system-err><![CDATA[]]></system-err>
</testsuite>
