<?xml version="1.0" encoding="UTF-8"?>
<testsuite name="io.mycat.route.DruidOracleSqlParserTest" tests="3" skipped="0" failures="0" errors="0" timestamp="2017-05-27T09:15:00" hostname="liyongxian01" time="0.036">
  <properties/>
  <testcase name="testLimitToOraclePage" classname="io.mycat.route.DruidOracleSqlParserTest" time="0.006"/>
  <testcase name="testInsertUpdate" classname="io.mycat.route.DruidOracleSqlParserTest" time="0.0"/>
  <testcase name="testOraclePageSQL" classname="io.mycat.route.DruidOracleSqlParserTest" time="0.003"/>
  <system-out><![CDATA[]]></system-out>
  <system-err><![CDATA[]]></system-err>
</testsuite>
