<?xml version="1.0" encoding="UTF-8"?>
<testsuite name="io.mycat.migrate.MigrateUtilsTest" tests="4" skipped="0" failures="0" errors="0" timestamp="2017-05-22T07:41:43" hostname="DESKTOP-T7UG6RU" time="0.039">
  <properties/>
  <testcase name="balanceExpand1" classname="io.mycat.migrate.MigrateUtilsTest" time="0.034"/>
  <testcase name="removeAndGetRemain" classname="io.mycat.migrate.MigrateUtilsTest" time="0.0"/>
  <testcase name="removeAndGetRemain1" classname="io.mycat.migrate.MigrateUtilsTest" time="0.0"/>
  <testcase name="balanceExpand" classname="io.mycat.migrate.MigrateUtilsTest" time="0.004"/>
  <system-out><![CDATA[beforse  balance :
0:0-20479,:20480
1:20480-40959,:20480
2:40960-61439,:20480
3:61440-81919,:20480
4:81920-102399,:20480
after  balance :
0:10240-20479,:10240
1:30720-40959,:10240
2:51200-61439,:10240
3:71680-81919,:10240
4:92160-102399,:10240
5:0-10239,:10240
6:20480-30719,:10240
7:40960-51199,:10240
8:61440-71679,:10240
9:81920-92159,:10240

beforse  balance :
0:0-32,:33
1:33-65,:33
2:66-99,:34
after balance :
0:13-32,:20
1:46-65,:20
2:80-99,:20
3:0-12,33-39,:20
4:40-45,66-79,:20
agin balance .....................
agin balance :
0:22-32,:11
1:55-65,:11
2:89-99,:11
3:9-12,33-39,:11
4:69-79,:11
5:13-21,46-48,:12
6:49-54,80-84,:11
7:85-88,0-6,:11
8:7-8,40-45,66-68,:11
agin agin balance :
0:32-32,:1
1:65-65,:1
2:99-99,:1
3:39-39,:1
4:79-79,:1
5:48-48,:1
6:84-84,:1
7:6-6,:1
8:68-68,:1
9:22-22,:1
10:23-23,:1
11:24-24,:1
12:25-25,:1
13:26-26,:1
14:27-27,:1
15:28-28,:1
16:29-29,:1
17:30-30,:1
18:31-31,:1
19:55-55,:1
20:56-56,:1
21:57-57,:1
22:58-58,:1
23:59-59,:1
24:60-60,:1
25:61-61,:1
26:62-62,:1
27:63-63,:1
28:64-64,:1
29:89-89,:1
30:90-90,:1
31:91-91,:1
32:92-92,:1
33:93-93,:1
34:94-94,:1
35:95-95,:1
36:96-96,:1
37:97-97,:1
38:98-98,:1
39:9-9,:1
40:10-10,:1
41:11-11,:1
42:12-12,:1
43:33-33,:1
44:34-34,:1
45:35-35,:1
46:36-36,:1
47:37-37,:1
48:38-38,:1
49:69-69,:1
50:70-70,:1
51:71-71,:1
52:72-72,:1
53:73-73,:1
54:74-74,:1
55:75-75,:1
56:76-76,:1
57:77-77,:1
58:78-78,:1
59:13-13,:1
60:14-14,:1
61:15-15,:1
62:16-16,:1
63:17-17,:1
64:18-18,:1
65:19-19,:1
66:20-20,:1
67:21-21,:1
68:46-46,:1
69:47-47,:1
70:49-49,:1
71:50-50,:1
72:51-51,:1
73:52-52,:1
74:53-53,:1
75:54-54,:1
76:80-80,:1
77:81-81,:1
78:82-82,:1
79:83-83,:1
80:85-85,:1
81:86-86,:1
82:87-87,:1
83:88-88,:1
84:0-0,:1
85:1-1,:1
86:2-2,:1
87:3-3,:1
88:4-4,:1
89:5-5,:1
90:7-7,:1
91:8-8,:1
92:40-40,:1
93:41-41,:1
94:42-42,:1
95:43-43,:1
96:44-44,:1
97:45-45,:1
98:66-66,:1
99:67-67,:1
]]></system-out>
  <system-err><![CDATA[]]></system-err>
</testsuite>
