<?xml version="1.0" encoding="UTF-8"?>
<testsuite name="io.mycat.route.DruidDb2SqlParserTest" tests="2" skipped="0" failures="0" errors="0" timestamp="2017-05-27T09:14:59" hostname="liyongxian01" time="0.11">
  <properties/>
  <testcase name="testLimitToDb2Page" classname="io.mycat.route.DruidDb2SqlParserTest" time="0.086"/>
  <testcase name="testDb2PageSQL" classname="io.mycat.route.DruidDb2SqlParserTest" time="0.002"/>
  <system-out><![CDATA[]]></system-out>
  <system-err><![CDATA[]]></system-err>
</testsuite>
