<?xml version="1.0" encoding="UTF-8"?>
<testsuite name="io.mycat.cache.EnCachePoolTest" tests="1" skipped="0" failures="0" errors="0" timestamp="2017-05-22T07:41:30" hostname="DESKTOP-T7UG6RU" time="4.017">
  <properties/>
  <testcase name="testBasic" classname="io.mycat.cache.EnCachePoolTest" time="4.017"/>
  <system-out><![CDATA[]]></system-out>
  <system-err><![CDATA[]]></system-err>
</testsuite>
