<?xml version="1.0" encoding="UTF-8"?>
<testsuite name="io.mycat.route.HintTest" tests="1" skipped="0" failures="0" errors="0" timestamp="2017-05-27T09:15:00" hostname="liyongxian01" time="0.002">
  <properties/>
  <testcase name="testHint" classname="io.mycat.route.HintTest" time="0.002"/>
  <system-out><![CDATA[2017-05-27 17:15:00.203  INFO [Test worker] (io.mycat.cache.CacheService.createLayeredPool(CacheService.java:125)) - create layer cache pool TableID2DataNodeCache of type encache ,default cache size 10000 ,default expire seconds18000
2017-05-27 17:15:00.203  INFO [Test worker] (io.mycat.cache.DefaultLayedCachePool.createChildCache(DefaultLayedCachePool.java:80)) - create child Cache: TESTDB_ORDERS for layered cache TableID2DataNodeCache, size 50000, expire seconds 18000
]]></system-out>
  <system-err><![CDATA[]]></system-err>
</testsuite>
