<?xml version="1.0" encoding="UTF-8"?>
<testsuite name="io.mycat.memory.unsafe.sort.UnsafeExternalRowSorterTest" tests="1" skipped="0" failures="0" errors="0" timestamp="2017-05-27T09:14:51" hostname="liyongxian01" time="1.678">
  <properties/>
  <testcase name="testUnsafeExternalRowSorter" classname="io.mycat.memory.unsafe.sort.UnsafeExternalRowSorterTest" time="1.678"/>
  <system-out><![CDATA[2017-05-27 17:14:51.021  INFO [Test worker] (io.mycat.memory.MyCatMemory.<init>(MyCatMemory.java:166)) - mycat.memory.offHeap.size: 1222MB
2017-05-27 17:14:51.075  INFO [Test worker] (io.mycat.backend.datasource.PhysicalDBPool.<init>(PhysicalDBPool.java:101)) - total resouces of dataHost localhost1 is :1
2017-05-27 17:14:51.081  INFO [Test worker] (io.mycat.cache.CacheService.createLayeredPool(CacheService.java:125)) - create layer cache pool TableID2DataNodeCache of type encache ,default cache size 10000 ,default expire seconds18000
2017-05-27 17:14:51.081  INFO [Test worker] (io.mycat.cache.DefaultLayedCachePool.createChildCache(DefaultLayedCachePool.java:80)) - create child Cache: TESTDB_ORDERS for layered cache TableID2DataNodeCache, size 50000, expire seconds 18000
]]></system-out>
  <system-err><![CDATA[]]></system-err>
</testsuite>
