<?xml version="1.0" encoding="UTF-8"?>
<testsuite name="io.mycat.parser.druid.DruidSelectParserTest" tests="2" skipped="0" failures="0" errors="0" timestamp="2017-05-22T07:41:43" hostname="DESKTOP-T7UG6RU" time="0.035">
  <properties/>
  <testcase name="testGroupByWithViewAlias" classname="io.mycat.parser.druid.DruidSelectParserTest" time="0.034"/>
  <testcase name="testGroupByWithAlias" classname="io.mycat.parser.druid.DruidSelectParserTest" time="0.001"/>
  <system-out><![CDATA[]]></system-out>
  <system-err><![CDATA[]]></system-err>
</testsuite>
