<?xml version="1.0" encoding="UTF-8"?>
<testsuite name="io.mycat.performance.TestRandomDataUtil" tests="1" skipped="0" failures="0" errors="0" timestamp="2017-05-27T09:14:58" hostname="liyongxian01" time="0.009">
  <properties/>
  <testcase name="testParselRandVarTemplateString" classname="io.mycat.performance.TestRandomDataUtil" time="0.009"/>
  <system-out><![CDATA[]]></system-out>
  <system-err><![CDATA[]]></system-err>
</testsuite>
