<?xml version="1.0" encoding="UTF-8"?>
<testsuite name="io.mycat.route.DruidMysqlSqlParserTest" tests="2" skipped="0" failures="0" errors="0" timestamp="2017-05-22T07:41:44" hostname="DESKTOP-T7UG6RU" time="0.013">
  <properties/>
  <testcase name="testLockTableSql" classname="io.mycat.route.DruidMysqlSqlParserTest" time="0.002"/>
  <testcase name="testLimitPage" classname="io.mycat.route.DruidMysqlSqlParserTest" time="0.001"/>
  <system-out><![CDATA[]]></system-out>
  <system-err><![CDATA[]]></system-err>
</testsuite>
