<?xml version="1.0" encoding="UTF-8"?>
<testsuite name="io.mycat.route.function.PartitionByHotDateTest" tests="1" skipped="0" failures="0" errors="0" timestamp="2017-05-22T07:41:47" hostname="DESKTOP-T7UG6RU" time="0.005">
  <properties/>
  <testcase name="test" classname="io.mycat.route.function.PartitionByHotDateTest" time="0.005"/>
  <system-out><![CDATA[]]></system-out>
  <system-err><![CDATA[2017-05-17
2017-05-11
2017-05-01
2017-05-17
2017-05-11
2017-05-01
]]></system-err>
</testsuite>
