<?xml version="1.0" encoding="UTF-8"?>
<testsuite name="io.mycat.route.function.PartitionByRangeDateHashTest" tests="2" skipped="0" failures="0" errors="0" timestamp="2017-05-27T09:15:02" hostname="liyongxian01" time="1.057">
  <properties/>
  <testcase name="testRange" classname="io.mycat.route.function.PartitionByRangeDateHashTest" time="0.002"/>
  <testcase name="test" classname="io.mycat.route.function.PartitionByRangeDateHashTest" time="1.045"/>
  <system-out><![CDATA[]]></system-out>
  <system-err><![CDATA[]]></system-err>
</testsuite>
