<?xml version="1.0" encoding="UTF-8"?>
<testsuite name="io.mycat.route.DruidMysqlRouteStrategyTest" tests="26" skipped="0" failures="0" errors="0" timestamp="2017-05-27T09:14:59" hostname="liyongxian01" time="0.195">
  <properties/>
  <testcase name="testroute" classname="io.mycat.route.DruidMysqlRouteStrategyTest" time="0.013"/>
  <testcase name="testERroute" classname="io.mycat.route.DruidMysqlRouteStrategyTest" time="0.017"/>
  <testcase name="testAlias" classname="io.mycat.route.DruidMysqlRouteStrategyTest" time="0.003"/>
  <testcase name="testOr" classname="io.mycat.route.DruidMysqlRouteStrategyTest" time="0.005"/>
  <testcase name="testGlobalTableSingleNodeLimit" classname="io.mycat.route.DruidMysqlRouteStrategyTest" time="0.002"/>
  <testcase name="testGlobalTableroute" classname="io.mycat.route.DruidMysqlRouteStrategyTest" time="0.011"/>
  <testcase name="testRouteCache" classname="io.mycat.route.DruidMysqlRouteStrategyTest" time="0.011"/>
  <testcase name="testDuplicatePartitionKey" classname="io.mycat.route.DruidMysqlRouteStrategyTest" time="0.028"/>
  <testcase name="testAddLimitToSQL" classname="io.mycat.route.DruidMysqlRouteStrategyTest" time="0.004"/>
  <testcase name="testRouteMultiTables" classname="io.mycat.route.DruidMysqlRouteStrategyTest" time="0.004"/>
  <testcase name="testAggregateExpr" classname="io.mycat.route.DruidMysqlRouteStrategyTest" time="0.006"/>
  <testcase name="testSelectNoTable" classname="io.mycat.route.DruidMysqlRouteStrategyTest" time="0.003"/>
  <testcase name="testIgnoreSchema" classname="io.mycat.route.DruidMysqlRouteStrategyTest" time="0.001"/>
  <testcase name="testERRouteMutiNode" classname="io.mycat.route.DruidMysqlRouteStrategyTest" time="0.003"/>
  <testcase name="testMoreGlobalTableroute" classname="io.mycat.route.DruidMysqlRouteStrategyTest" time="0.002"/>
  <testcase name="testGroupLimit" classname="io.mycat.route.DruidMysqlRouteStrategyTest" time="0.007"/>
  <testcase name="testNonPartitionSQL" classname="io.mycat.route.DruidMysqlRouteStrategyTest" time="0.001"/>
  <testcase name="testModifySQLLimit" classname="io.mycat.route.DruidMysqlRouteStrategyTest" time="0.002"/>
  <testcase name="testInsertOnDuplicateKey" classname="io.mycat.route.DruidMysqlRouteStrategyTest" time="0.004"/>
  <testcase name="testRouteInsertShort" classname="io.mycat.route.DruidMysqlRouteStrategyTest" time="0.003"/>
  <testcase name="testBatchInsert" classname="io.mycat.route.DruidMysqlRouteStrategyTest" time="0.004"/>
  <testcase name="testMultiLevelOr" classname="io.mycat.route.DruidMysqlRouteStrategyTest" time="0.017"/>
  <testcase name="testGlobalTableOr" classname="io.mycat.route.DruidMysqlRouteStrategyTest" time="0.018"/>
  <testcase name="testConfigSchema" classname="io.mycat.route.DruidMysqlRouteStrategyTest" time="0.002"/>
  <testcase name="testBetweenExpr" classname="io.mycat.route.DruidMysqlRouteStrategyTest" time="0.002"/>
  <testcase name="testTableMetaRead" classname="io.mycat.route.DruidMysqlRouteStrategyTest" time="0.001"/>
  <system-out><![CDATA[2017-05-27 17:14:59.817  WARN [Test worker] (io.mycat.route.parser.druid.impl.DruidUpdateParser.confirmShardColumnNotUpdated(DruidUpdateParser.java:226)) - Parent relevant column can't be updated ORDERS->CUSTOMER_ID
2017-05-27 17:14:59.913  WARN [Test worker] (io.mycat.route.util.RouterUtil.ruleByJoinValueCalculate(RouterUtil.java:874)) - joinKey can't have multi Value
2017-05-27 17:14:59.933  WARN [Test worker] (io.mycat.route.parser.druid.impl.DruidInsertParser.parserSingleInsert(DruidInsertParser.java:199)) - Sharding column can't be updated: EMPLOYEE -> SHARDING_ID
2017-05-27 17:14:59.936  WARN [Test worker] (io.mycat.route.parser.druid.impl.DruidInsertParser.parserSingleInsert(DruidInsertParser.java:186)) - bad insert sql (sharding column:OFFER_ID not provided,INSERT INTO offer_detail (gmt)
VALUES (now())
2017-05-27 17:14:59.941  WARN [Test worker] (io.mycat.route.parser.druid.impl.DruidInsertParser.parserChildTable(DruidInsertParser.java:126)) - ChildTable multi insert not provided
2017-05-27 17:14:59.943  WARN [Test worker] (io.mycat.route.parser.druid.impl.DruidInsertParser.parserBatchInsert(DruidInsertParser.java:286)) - TODO:insert into .... select .... not supported!
]]></system-out>
  <system-err><![CDATA[]]></system-err>
</testsuite>
