<?xml version="1.0" encoding="UTF-8"?>
<testsuite name="io.mycat.route.DruidMysqlHavingTest" tests="1" skipped="0" failures="0" errors="0" timestamp="2017-05-22T07:41:44" hostname="DESKTOP-T7UG6RU" time="0.01">
  <properties/>
  <testcase name="testHaving" classname="io.mycat.route.DruidMysqlHavingTest" time="0.01"/>
  <system-out><![CDATA[]]></system-out>
  <system-err><![CDATA[]]></system-err>
</testsuite>
