<?xml version="1.0" encoding="UTF-8"?>
<testsuite name="io.mycat.VolatileTest" tests="1" skipped="0" failures="0" errors="0" timestamp="2017-05-27T09:14:40" hostname="liyongxian01" time="0.001">
  <properties/>
  <testcase name="testNoop" classname="io.mycat.VolatileTest" time="0.001"/>
  <system-out><![CDATA[]]></system-out>
  <system-err><![CDATA[]]></system-err>
</testsuite>
