<?xml version="1.0" encoding="UTF-8"?>
<testsuite name="io.mycat.memory.unsafe.memory.MycatMemoryTest" tests="1" skipped="0" failures="0" errors="0" timestamp="2017-05-22T07:41:39" hostname="DESKTOP-T7UG6RU" time="0.001">
  <properties/>
  <testcase name="testMycatMemory" classname="io.mycat.memory.unsafe.memory.MycatMemoryTest" time="0.001"/>
  <system-out><![CDATA[2017-05-22 15:41:39.527  INFO [Test worker] (io.mycat.memory.MyCatMemory.<init>(MyCatMemory.java:166)) - mycat.memory.offHeap.size: 173MB
181665792
259522560
259522560
]]></system-out>
  <system-err><![CDATA[]]></system-err>
</testsuite>
