<?xml version="1.0" encoding="UTF-8"?>
<testsuite name="io.mycat.route.function.PartitionByPrefixPatternTest" tests="1" skipped="0" failures="0" errors="0" timestamp="2017-05-22T07:41:47" hostname="DESKTOP-T7UG6RU" time="0.002">
  <properties/>
  <testcase name="test" classname="io.mycat.route.function.PartitionByPrefixPatternTest" time="0.002"/>
  <system-out><![CDATA[]]></system-out>
  <system-err><![CDATA[]]></system-err>
</testsuite>
