<?xml version="1.0" encoding="UTF-8"?>
<testsuite name="io.mycat.memory.unsafe.row.UnsafeRowList" tests="1" skipped="0" failures="0" errors="0" timestamp="2017-05-27T09:14:51" hostname="liyongxian01" time="0.0">
  <properties/>
  <testcase name="testUnsafeRowList" classname="io.mycat.memory.unsafe.row.UnsafeRowList" time="0.0"/>
  <system-out><![CDATA[]]></system-out>
  <system-err><![CDATA[]]></system-err>
</testsuite>
