<?xml version="1.0" encoding="UTF-8"?>
<testsuite name="io.mycat.parser.druid.MycatSchemaStatVisitorTest" tests="4" skipped="0" failures="0" errors="0" timestamp="2017-05-22T07:41:43" hostname="DESKTOP-T7UG6RU" time="0.068">
  <properties/>
  <testcase name="test4" classname="io.mycat.parser.druid.MycatSchemaStatVisitorTest" time="0.01"/>
  <testcase name="test3" classname="io.mycat.parser.druid.MycatSchemaStatVisitorTest" time="0.049"/>
  <testcase name="test2" classname="io.mycat.parser.druid.MycatSchemaStatVisitorTest" time="0.0"/>
  <testcase name="test1" classname="io.mycat.parser.druid.MycatSchemaStatVisitorTest" time="0.008"/>
  <system-out><![CDATA[helper1.
5
]]></system-out>
  <system-err><![CDATA[]]></system-err>
</testsuite>
