<?xml version="1.0" encoding="UTF-8"?>
<testsuite name="io.mycat.route.DruidMysqlSqlParserTest" tests="2" skipped="0" failures="0" errors="0" timestamp="2017-05-27T09:15:00" hostname="liyongxian01" time="0.023">
  <properties/>
  <testcase name="testLimitPage" classname="io.mycat.route.DruidMysqlSqlParserTest" time="0.002"/>
  <testcase name="testLockTableSql" classname="io.mycat.route.DruidMysqlSqlParserTest" time="0.003"/>
  <system-out><![CDATA[]]></system-out>
  <system-err><![CDATA[]]></system-err>
</testsuite>
