<?xml version="1.0" encoding="UTF-8"?>
<testsuite name="io.mycat.route.parser.druid.impl.DefaultDruidParserTest" tests="1" skipped="0" failures="0" errors="0" timestamp="2017-05-27T09:15:03" hostname="liyongxian01" time="0.01">
  <properties/>
  <testcase name="testParser" classname="io.mycat.route.parser.druid.impl.DefaultDruidParserTest" time="0.01"/>
  <system-out><![CDATA[]]></system-out>
  <system-err><![CDATA[]]></system-err>
</testsuite>
