<?xml version="1.0" encoding="UTF-8"?>
<testsuite name="io.mycat.memory.unsafe.memory.TaskMemoryManagerSuite" tests="5" skipped="0" failures="0" errors="0" timestamp="2017-05-22T07:41:39" hostname="DESKTOP-T7UG6RU" time="0.006">
  <properties/>
  <testcase name="encodePageNumberAndOffsetOnHeap" classname="io.mycat.memory.unsafe.memory.TaskMemoryManagerSuite" time="0.0"/>
  <testcase name="encodePageNumberAndOffsetOffHeap" classname="io.mycat.memory.unsafe.memory.TaskMemoryManagerSuite" time="0.0"/>
  <testcase name="offHeapConfigurationBackwardsCompatibility" classname="io.mycat.memory.unsafe.memory.TaskMemoryManagerSuite" time="0.0"/>
  <testcase name="leakedPageMemoryIsDetected" classname="io.mycat.memory.unsafe.memory.TaskMemoryManagerSuite" time="0.001"/>
  <testcase name="cooperativeSpilling" classname="io.mycat.memory.unsafe.memory.TaskMemoryManagerSuite" time="0.003"/>
  <system-out><![CDATA[2017-05-22 15:41:39.530  WARN [Test worker] (io.mycat.memory.unsafe.memory.mm.DataNodeMemoryManager.cleanUpAllAllocatedMemory(DataNodeMemoryManager.java:396)) - leak a page: io.mycat.memory.unsafe.memory.MemoryBlock@708fc0 in task 0
2017-05-22 15:41:39.533  INFO [Test worker] (io.mycat.memory.unsafe.memory.mm.DataNodeMemoryManager.acquireExecutionMemory(DataNodeMemoryManager.java:139)) - Thread 0 released 100.0 B from io.mycat.memory.unsafe.memory.TestMemoryConsumer@15a2e07 forio.mycat.memory.unsafe.memory.TestMemoryConsumer@183d46a
2017-05-22 15:41:39.534  INFO [Test worker] (io.mycat.memory.unsafe.memory.mm.DataNodeMemoryManager.acquireExecutionMemory(DataNodeMemoryManager.java:139)) - Thread 0 released 100.0 B from io.mycat.memory.unsafe.memory.TestMemoryConsumer@183d46a forio.mycat.memory.unsafe.memory.TestMemoryConsumer@15a2e07
2017-05-22 15:41:39.534  INFO [Test worker] (io.mycat.memory.unsafe.memory.mm.DataNodeMemoryManager.acquireExecutionMemory(DataNodeMemoryManager.java:160)) - Thread 0 released 100.0 Bfrom itself (io.mycat.memory.unsafe.memory.TestMemoryConsumer@15a2e07)
2017-05-22 15:41:39.534  INFO [Test worker] (io.mycat.memory.unsafe.memory.mm.DataNodeMemoryManager.acquireExecutionMemory(DataNodeMemoryManager.java:139)) - Thread 0 released 50.0 B from io.mycat.memory.unsafe.memory.TestMemoryConsumer@183d46a forio.mycat.memory.unsafe.memory.TestMemoryConsumer@15a2e07
2017-05-22 15:41:39.535  INFO [Test worker] (io.mycat.memory.unsafe.memory.mm.DataNodeMemoryManager.acquireExecutionMemory(DataNodeMemoryManager.java:160)) - Thread 0 released 50.0 Bfrom itself (io.mycat.memory.unsafe.memory.TestMemoryConsumer@15a2e07)
2017-05-22 15:41:39.535  INFO [Test worker] (io.mycat.memory.unsafe.memory.mm.DataNodeMemoryManager.acquireExecutionMemory(DataNodeMemoryManager.java:139)) - Thread 0 released 80.0 B from io.mycat.memory.unsafe.memory.TestMemoryConsumer@15a2e07 forio.mycat.memory.unsafe.memory.TestMemoryConsumer@183d46a
2017-05-22 15:41:39.535  INFO [Test worker] (io.mycat.memory.unsafe.memory.mm.DataNodeMemoryManager.acquireExecutionMemory(DataNodeMemoryManager.java:160)) - Thread 0 released 10.0 Bfrom itself (io.mycat.memory.unsafe.memory.TestMemoryConsumer@183d46a)
]]></system-out>
  <system-err><![CDATA[]]></system-err>
</testsuite>
